[18:47:34] [Render thread/INFO] [JMLogger] JourneyMap log initialized.
[18:47:34] [Render thread/INFO] [JourneymapClient] initialize ENTER
[18:47:34] [Render thread/INFO] [ClientAPI] [ClientAPI] built with JourneyMap API 1.9-SNAPSHOT
[18:47:34] [Render thread/INFO] [PluginHelper] Initializing plugins with Client API: journeymap.client.api.impl.ClientAPI
[18:47:34] [Render thread/INFO] [PluginHelper] Initialized IClientPlugin: net.blay09.mods.waystones.compat.JourneyMapAddon
[18:47:34] [Render thread/INFO] [PluginHelper] Initialized IClientPlugin: com.railwayteam.railways.compat.journeymap.RailwayMapPlugin
[18:47:34] [Render thread/WARN] [PropertiesBase] core (Initialized) Bad configField entry during updateFrom(): optionsManagerViewed=null
[18:47:34] [Render thread/WARN] [PropertiesBase] core (Initialized) Bad configField entry during updateFrom(): splashViewed=null
[18:47:34] [Render thread/INFO] [?] Version: JourneyMap 1.18.2-5.9.8, built with forge 1.18.2-40.1.86
forge: 40.2.17
Environment: os.name, os.arch, java.version, user.country, user.language=null, game language=en_us, locale=en_us
Features: 
	RadarPlayers : singleplayer = true , multiplayer = true
	RadarAnimals : singleplayer = true , multiplayer = true
	RadarMobs : singleplayer = true , multiplayer = true
	RadarVillagers : singleplayer = true , multiplayer = true
	MapTopo : singleplayer = true , multiplayer = true
	MapSurface : singleplayer = true , multiplayer = true
	MapCaves : singleplayer = true , multiplayer = true
	MapBiome : singleplayer = true , multiplayer = true
MiniMapProperties{state=Valid, file=journeymap.minimap.config, configVersion=5.9.8, zoomLevel=0, compassFontScale=1.0, terrainAlpha=100, showEntityNames=true, positionX=0.9, positionY=0.25, effectVertical=false, showPlayerHeading=true, sizePercent=30, playerDisplayScale=1.0, showDayNight=true, showPets=true, preferredMapType=day, showCompass=true, mobDisplay=jm.common.entity_display.dots, systemTimeRealFormat=HH:mm:ss, shape=jm.minimap.shape_circle, showSelf=true, selfDisplayScale=1.0, showGrid=true, reticleOrientation=jm.minimap.orientation.compass, gameTimeRealFormat=HH:mm:ss, effectTranslateX=0, showWaypoints=true, minimapKeyMovementSpeed=0.001, showAnimals=true, infoSlotAlpha=0.7, effectTranslateY=0, showWaypointLabels=true, moveEffectIcons=true, position=jm.minimap.position_topright, fontScale=1.0, showPlayers=true, waypointIconScale=1.0, frameAlpha=100, effectReversed=false, backgroundAlpha=0.8, enabled=true, showVillagers=true, info2Label=jm.theme.labelsource.gametime, info3Label=jm.theme.labelsource.location, showMobs=true, waypointLabelScale=1.0, showReticle=true, orientation=jm.minimap.orientation.north, info4Label=jm.theme.labelsource.biome, locationFormat=xzyv, playerDisplay=jm.common.entity_display.dots, mobDisplayScale=1.0, showCaves=true, showMobHeading=true, locationFormatVerbose=true, info1Label=jm.theme.labelsource.blank}
MiniMapProperties{state=Valid, file=journeymap.minimap2.config, configVersion=5.9.8, zoomLevel=0, compassFontScale=1.0, terrainAlpha=100, showEntityNames=true, positionX=0.9, positionY=0.25, effectVertical=false, showPlayerHeading=true, sizePercent=30, playerDisplayScale=1.0, showDayNight=true, showPets=true, preferredMapType=day, showCompass=true, mobDisplay=jm.common.entity_display.dots, systemTimeRealFormat=HH:mm:ss, shape=jm.minimap.shape_rectangle, showSelf=true, selfDisplayScale=1.0, showGrid=true, reticleOrientation=jm.minimap.orientation.compass, gameTimeRealFormat=HH:mm:ss, effectTranslateX=0, showWaypoints=true, minimapKeyMovementSpeed=0.001, showAnimals=true, infoSlotAlpha=0.7, effectTranslateY=0, showWaypointLabels=true, moveEffectIcons=true, position=jm.minimap.position_topright, fontScale=1.0, showPlayers=true, waypointIconScale=1.0, frameAlpha=100, effectReversed=false, backgroundAlpha=0.8, enabled=true, showVillagers=true, info2Label=jm.theme.labelsource.gametime, info3Label=jm.theme.labelsource.location, showMobs=true, waypointLabelScale=1.0, showReticle=true, orientation=jm.minimap.orientation.north, info4Label=jm.theme.labelsource.biome, locationFormat=xzyv, playerDisplay=jm.common.entity_display.dots, mobDisplayScale=1.0, showCaves=true, showMobHeading=true, locationFormatVerbose=true, info1Label=jm.theme.labelsource.blank}
FullMapProperties{state=Valid, file=journeymap.fullmap.config, configVersion=5.9.8, zoomLevel=0, showPlayers=true, waypointIconScale=1.0, showEntityNames=true, showPlayerHeading=true, showVillagers=true, showPlayerLoc=true, showKeys=true, playerDisplayScale=1.0, showMobs=true, showPets=true, waypointLabelScale=1.0, preferredMapType=day, mobDisplay=jm.common.entity_display.dots, showSelf=true, locationFormat=xzyv, playerDisplay=jm.common.entity_display.dots, mobDisplayScale=1.0, selfDisplayScale=1.0, showGrid=true, showMouseLoc=true, showWaypoints=true, showCaves=true, showAnimals=true, dragScale=1, showMobHeading=true, showWaypointLabels=true, locationFormatVerbose=true, fontScale=1.0}
WaypointProperties{state=Valid, file=journeymap.waypoint.config, configVersion=5.9.8, autoRemoveDeathpointDistance=2, dateFormat=MM-dd-yyyy, autoRemoveDeathpoints=false, fullscreenDoubleClickToCreate=true, managerDimensionFocus=false, minDistance=4, boldLabel=false, textureSmall=true, showDeathpointlabel=true, beaconEnabled=true, createDeathpoints=true, showName=true, disableStrikeThrough=false, maxDistance=0, autoHideLabel=true, autoRemoveTempWaypoints=2, teleportCommand=/tp {name} {x} {y} {z}, showStaticBeam=true, shaderBeacon=false, timeFormat=HH:mm:ss, showDeviationLabel=false, showDistance=true, showRotatingBeam=true, fontScale=2.0, showTexture=true, managerEnabled=true}
WebMapProperties{state=Valid, file=journeymap.webmap.config, configVersion=5.9.8, port=8080, enabled=false}
CoreProperties{state=Valid, file=journeymap.core.config, configVersion=5.9.8, verboseColorPalette=false, maxPlayersData=32, mapSurfaceAboveCaves=true, dataCachingEnabled=true, optionsManagerViewed=null, announceMod=true, colorPassive=#bbbbbb, mapBlendWater=false, renderDistanceSurfaceMax=0, seedId=false, radarVerticalDistance=16, mapBlendGrass=true, recordCacheStats=false, hideSneakingEntities=true, revealShape=jm.minimap.shape_circle, mapBiome=true, alwaysMapSurface=false, colorVillager=#88e188, mapPlants=false, colorPet=#0077ff, radarLateralDistance=64, mapBathymetry=false, mapCrops=true, maxMobsData=32, mapPlantShadows=false, alwaysMapCaves=false, checkUpdates=true, mapBlendFoliage=true, hideSpectators=false, mappingEnabled=true, colorPlayer=#ffffff, tileHighDisplayQuality=true, cacheVillagersData=2200, logLevel=INFO, maxVillagersData=32, mapWaterBiomeColors=false, maxAnimalsData=32, mapTransparency=true, caveBlackAsClear=false, tileRenderType=1, caveIgnoreGlass=true, mapTopography=true, renderDistanceCaveMax=0, mapAntialiasing=true, colorSelf=#0000ff, cachePlayersData=2000, cacheMobsData=3000, cachePlayerData=1000, splashViewed=null, colorHostile=#ff0000, cacheAnimalsData=3100, themeName=OceanMonument, mapCaveLighting=true, renderDelay=2, glErrorChecking=false, autoMapPoll=2000}
[18:47:34] [Render thread/INFO] [JourneymapClient] initialize EXIT, elapsed count 1 avg 203.17ms
[18:47:43] [Render thread/INFO] [JourneymapClient] Journeymap PostInit
[18:47:43] [Render thread/ERROR] [FileHandler] Couldn't locate icons for flat: /Users/angelo/Documents/curseforge/minecraft/Instances/Technilla%20Reborn/mods/journeymap-1.18.2-5.9.8-forge.jar/assets/journeymap/theme/flat
[18:47:43] [Render thread/INFO] [ThemeLoader] Preloaded theme textures: 0
[18:47:43] [Render thread/INFO] [JourneymapClient] postInitialize EXIT, elapsed count 1 avg 15.15ms
[18:48:27] [Server thread/INFO] [ForgeConfig] Loading JourneyMap Forge Configs
[18:48:41] [Render thread/INFO] [ModBlockDelegate] Custom modded block handling enabled for projectvibrantjourneys
[18:48:41] [Render thread/INFO] [ModBlockDelegate] Custom modded block handling enabled for create
[18:48:42] [Render thread/WARN] [JMLogger] Can't get entityTexture for alexsmobs:textures/entity_icon/cockroach.png
[18:48:42] [Render thread/WARN] [JMLogger] Can't get entityTexture for alexsmobs:textures/entity_icon/bison.png
[18:48:43] [Render thread/INFO] [ChatLog] 
[18:48:43] [Render thread/WARN] [PropertiesBase] core (Initialized) Bad configField entry during updateFrom(): optionsManagerViewed=null
[18:48:43] [Render thread/WARN] [PropertiesBase] core (Initialized) Bad configField entry during updateFrom(): splashViewed=null
[18:48:43] [Render thread/INFO] [WaypointStore] Loaded 0 waypoints from /Users/angelo/Documents/curseforge/minecraft/Instances/Technilla Reborn/journeymap/data/sp/New World/waypoints
[18:48:43] [Render thread/INFO] [JourneymapClient] Mapping started in /Users/angelo/Documents/curseforge/minecraft/Instances/Technilla Reborn/journeymap/data/sp/New World/overworld. Memory: 3912MB total, 1337MB free 
[19:05:07] [Render thread/WARN] [JMLogger] Can't get entityTexture for alexsmobs:textures/entity_icon/cockroach.png
[19:05:19] [Render thread/WARN] [JMLogger] Can't get entityTexture for alexsmobs:textures/entity_icon/bison.png
[19:14:05] [Render thread/INFO] [JourneymapClient] Mapping halted in /Users/angelo/Documents/curseforge/minecraft/Instances/Technilla Reborn/journeymap/data/mp/offline/minecraft:overworld
[19:14:33] [Server thread/INFO] [ForgeConfig] Loading JourneyMap Forge Configs
[19:15:34] [Render thread/WARN] [JMLogger] Can't get entityTexture for alexsmobs:textures/entity_icon/grizzly_bear.png
[19:15:34] [Render thread/WARN] [JMLogger] Can't get entityTexture for alexsmobs:textures/entity_icon/tasmanian_devil.png
[19:15:34] [Render thread/WARN] [PropertiesBase] core (Initialized) Bad configField entry during updateFrom(): optionsManagerViewed=null
[19:15:34] [Render thread/WARN] [PropertiesBase] core (Initialized) Bad configField entry during updateFrom(): splashViewed=null
[19:15:34] [Render thread/INFO] [WaypointStore] Loaded 0 waypoints from /Users/angelo/Documents/curseforge/minecraft/Instances/Technilla Reborn/journeymap/data/sp/Test/waypoints
[19:15:34] [Render thread/INFO] [JourneymapClient] Mapping started in /Users/angelo/Documents/curseforge/minecraft/Instances/Technilla Reborn/journeymap/data/sp/Test/overworld. Memory: 5096MB total, 2465MB free 
[19:28:32] [Render thread/WARN] [JMLogger] Can't get entityTexture for alexsmobs:textures/entity_icon/fly.png
[19:35:03] [Render thread/WARN] [JMLogger] Can't get entityTexture for alexsmobs:textures/entity_icon/terrapin/terrapin_painted.png
[19:43:33] [Render thread/INFO] [JourneymapClient] Mapping halted in /Users/angelo/Documents/curseforge/minecraft/Instances/Technilla Reborn/journeymap/data/mp/offline/minecraft:overworld
[19:43:33] [JM-task-5/WARN] [TaskBatch] TaskBatch thread interrupted: journeymap.client.task.multi.MapPlayerTask$MapPlayerTaskBatch@48fb5cf1
[19:55:44] [Server thread/INFO] [ForgeConfig] Loading JourneyMap Forge Configs
[19:55:55] [Render thread/WARN] [PropertiesBase] core (Initialized) Bad configField entry during updateFrom(): optionsManagerViewed=null
[19:55:55] [Render thread/WARN] [PropertiesBase] core (Initialized) Bad configField entry during updateFrom(): splashViewed=null
[19:55:55] [Render thread/INFO] [WaypointStore] Loaded 0 waypoints from /Users/angelo/Documents/curseforge/minecraft/Instances/Technilla Reborn/journeymap/data/sp/Test/waypoints
[19:55:55] [Render thread/INFO] [JourneymapClient] Mapping started in /Users/angelo/Documents/curseforge/minecraft/Instances/Technilla Reborn/journeymap/data/sp/Test/overworld. Memory: 5216MB total, 917MB free 
[20:18:31] [Render thread/WARN] [JMLogger] Can't get entityTexture for alexsmobs:textures/entity_icon/catfish_small.png
[20:18:31] [Render thread/WARN] [JMLogger] Can't get entityTexture for alexsmobs:textures/entity_icon/catfish_medium.png
[20:19:02] [Render thread/WARN] [JMLogger] Can't get entityTexture for alexsmobs:textures/entity_icon/terrapin/terrapin_red_eared.png
[20:19:02] [Render thread/WARN] [JMLogger] Can't get entityTexture for alexsmobs:textures/entity_icon/terrapin/terrapin_black.png
[20:19:52] [Render thread/INFO] [JourneymapClient] Mapping halted in /Users/angelo/Documents/curseforge/minecraft/Instances/Technilla Reborn/journeymap/data/mp/offline/minecraft:overworld
[20:19:52] [JM-task-6/WARN] [TaskBatch] TaskBatch thread interrupted: journeymap.client.task.multi.MapPlayerTask$MapPlayerTaskBatch@6c02d91a
